<?xml version="1.0" encoding="UTF-8" ?>
<testsuite tests="13" failures="0" name="test.java.com.manager.Tests" time="8.571" errors="0" skipped="0">
  <properties>
[...]
</properties>
  <testcase classname="test.java.com.manager.Tests" name="deleteNieruchomosc" time="0.625"/>
  <testcase classname="test.java.com.manager.Tests" name="selectPosrednikAll" time="0.719"/>
  <testcase classname="test.java.com.manager.Tests" name="selectNieruchomosc" time="0.833"/>
  <testcase classname="test.java.com.manager.Tests" name="selectNieruchomoscPosrednikId" time="0.833"/>
  <testcase classname="test.java.com.manager.Tests" name="selectNieruchomoscAll" time="0.906"/>
  <testcase classname="test.java.com.manager.Tests" name="updateNieruchomosc" time="0.593"/>
  <testcase classname="test.java.com.manager.Tests" name="addNieruchomosc" time="0.609"/>
  <testcase classname="test.java.com.manager.Tests" name="updatePosrednik" time="0.563"/>
  <testcase classname="test.java.com.manager.Tests" name="testConnection" time="0.421"/>
  <testcase classname="test.java.com.manager.Tests" name="addPosrednik" time="0.5"/>
  <testcase classname="test.java.com.manager.Tests" name="selectPosrednik" time="0.547"/>
  <testcase classname="test.java.com.manager.Tests" name="deletePosrednik" time="0.672"/>
  <testcase classname="test.java.com.manager.Tests" name="deleteAllTables" time="0.75"/>
</testsuite>